mode: set
chronos-kubernetes-scheduler/internal/scheduler/batch_scheduler.go:106.83,119.2 5 0
chronos-kubernetes-scheduler/internal/scheduler/batch_scheduler.go:121.54,126.90 2 1
chronos-kubernetes-scheduler/internal/scheduler/batch_scheduler.go:126.90,128.3 1 1
chronos-kubernetes-scheduler/internal/scheduler/batch_scheduler.go:129.2,129.85 1 1
chronos-kubernetes-scheduler/internal/scheduler/batch_scheduler.go:129.85,131.3 1 1
chronos-kubernetes-scheduler/internal/scheduler/batch_scheduler.go:132.2,132.15 1 1
chronos-kubernetes-scheduler/internal/scheduler/batch_scheduler.go:135.35,137.16 2 0
chronos-kubernetes-scheduler/internal/scheduler/batch_scheduler.go:137.16,140.3 2 0
chronos-kubernetes-scheduler/internal/scheduler/batch_scheduler.go:141.2,143.18 3 0
chronos-kubernetes-scheduler/internal/scheduler/batch_scheduler.go:146.38,149.6 3 0
chronos-kubernetes-scheduler/internal/scheduler/batch_scheduler.go:149.6,150.10 1 0
chronos-kubernetes-scheduler/internal/scheduler/batch_scheduler.go:151.24,152.10 1 0
chronos-kubernetes-scheduler/internal/scheduler/batch_scheduler.go:153.19,157.27 4 0
chronos-kubernetes-scheduler/internal/scheduler/batch_scheduler.go:162.42,164.41 2 0
chronos-kubernetes-scheduler/internal/scheduler/batch_scheduler.go:164.41,165.17 1 0
chronos-kubernetes-scheduler/internal/scheduler/batch_scheduler.go:165.17,167.4 1 0
chronos-kubernetes-scheduler/internal/scheduler/batch_scheduler.go:168.3,168.9 1 0
chronos-kubernetes-scheduler/internal/scheduler/batch_scheduler.go:171.2,171.34 1 0
chronos-kubernetes-scheduler/internal/scheduler/batch_scheduler.go:171.34,173.3 1 0
chronos-kubernetes-scheduler/internal/scheduler/batch_scheduler.go:174.2,174.15 1 0
chronos-kubernetes-scheduler/internal/scheduler/batch_scheduler.go:174.15,175.35 1 0
chronos-kubernetes-scheduler/internal/scheduler/batch_scheduler.go:175.35,177.4 1 0
chronos-kubernetes-scheduler/internal/scheduler/batch_scheduler.go:180.2,183.24 3 0
chronos-kubernetes-scheduler/internal/scheduler/batch_scheduler.go:183.24,186.3 2 0
chronos-kubernetes-scheduler/internal/scheduler/batch_scheduler.go:188.2,189.35 2 0
chronos-kubernetes-scheduler/internal/scheduler/batch_scheduler.go:189.35,190.17 1 0
chronos-kubernetes-scheduler/internal/scheduler/batch_scheduler.go:190.17,192.4 1 0
chronos-kubernetes-scheduler/internal/scheduler/batch_scheduler.go:192.9,194.4 1 0
chronos-kubernetes-scheduler/internal/scheduler/batch_scheduler.go:195.3,195.9 1 0
chronos-kubernetes-scheduler/internal/scheduler/batch_scheduler.go:197.2,207.119 7 0
chronos-kubernetes-scheduler/internal/scheduler/batch_scheduler.go:210.65,218.16 3 0
chronos-kubernetes-scheduler/internal/scheduler/batch_scheduler.go:218.16,220.3 1 0
chronos-kubernetes-scheduler/internal/scheduler/batch_scheduler.go:222.2,223.31 2 0
chronos-kubernetes-scheduler/internal/scheduler/batch_scheduler.go:223.31,225.30 2 0
chronos-kubernetes-scheduler/internal/scheduler/batch_scheduler.go:225.30,226.59 1 0
chronos-kubernetes-scheduler/internal/scheduler/batch_scheduler.go:226.59,228.5 1 0
chronos-kubernetes-scheduler/internal/scheduler/batch_scheduler.go:233.2,233.85 1 0
chronos-kubernetes-scheduler/internal/scheduler/batch_scheduler.go:233.85,234.51 1 0
chronos-kubernetes-scheduler/internal/scheduler/batch_scheduler.go:234.51,236.4 1 0
chronos-kubernetes-scheduler/internal/scheduler/batch_scheduler.go:237.3,237.63 1 0
chronos-kubernetes-scheduler/internal/scheduler/batch_scheduler.go:238.8,238.37 1 0
chronos-kubernetes-scheduler/internal/scheduler/batch_scheduler.go:238.37,240.51 1 0
chronos-kubernetes-scheduler/internal/scheduler/batch_scheduler.go:240.51,242.4 1 0
chronos-kubernetes-scheduler/internal/scheduler/batch_scheduler.go:244.2,244.29 1 0
chronos-kubernetes-scheduler/internal/scheduler/batch_scheduler.go:247.78,249.27 2 1
chronos-kubernetes-scheduler/internal/scheduler/batch_scheduler.go:249.27,250.75 1 1
chronos-kubernetes-scheduler/internal/scheduler/batch_scheduler.go:250.75,251.87 1 1
chronos-kubernetes-scheduler/internal/scheduler/batch_scheduler.go:251.87,252.37 1 1
chronos-kubernetes-scheduler/internal/scheduler/batch_scheduler.go:252.37,258.6 2 1
chronos-kubernetes-scheduler/internal/scheduler/batch_scheduler.go:258.11,262.6 2 1
chronos-kubernetes-scheduler/internal/scheduler/batch_scheduler.go:266.2,266.17 1 1
chronos-kubernetes-scheduler/internal/scheduler/batch_scheduler.go:269.66,270.37 1 1
chronos-kubernetes-scheduler/internal/scheduler/batch_scheduler.go:270.37,272.3 1 1
chronos-kubernetes-scheduler/internal/scheduler/batch_scheduler.go:273.2,273.48 1 1
chronos-kubernetes-scheduler/internal/scheduler/batch_scheduler.go:273.48,274.31 1 1
chronos-kubernetes-scheduler/internal/scheduler/batch_scheduler.go:274.31,276.4 1 1
chronos-kubernetes-scheduler/internal/scheduler/batch_scheduler.go:278.2,278.13 1 1
chronos-kubernetes-scheduler/internal/scheduler/batch_scheduler.go:281.67,283.16 2 0
chronos-kubernetes-scheduler/internal/scheduler/batch_scheduler.go:283.16,285.3 1 0
chronos-kubernetes-scheduler/internal/scheduler/batch_scheduler.go:286.2,287.32 2 0
chronos-kubernetes-scheduler/internal/scheduler/batch_scheduler.go:287.32,289.30 2 0
chronos-kubernetes-scheduler/internal/scheduler/batch_scheduler.go:289.30,290.12 1 0
chronos-kubernetes-scheduler/internal/scheduler/batch_scheduler.go:292.3,292.47 1 0
chronos-kubernetes-scheduler/internal/scheduler/batch_scheduler.go:292.47,293.68 1 0
chronos-kubernetes-scheduler/internal/scheduler/batch_scheduler.go:293.68,295.10 2 0
chronos-kubernetes-scheduler/internal/scheduler/batch_scheduler.go:299.2,299.28 1 0
chronos-kubernetes-scheduler/internal/scheduler/batch_scheduler.go:302.81,304.29 2 0
chronos-kubernetes-scheduler/internal/scheduler/batch_scheduler.go:304.29,306.17 2 0
chronos-kubernetes-scheduler/internal/scheduler/batch_scheduler.go:306.17,308.12 2 0
chronos-kubernetes-scheduler/internal/scheduler/batch_scheduler.go:312.3,314.25 3 0
chronos-kubernetes-scheduler/internal/scheduler/batch_scheduler.go:314.25,316.4 1 0
chronos-kubernetes-scheduler/internal/scheduler/batch_scheduler.go:319.3,324.41 5 0
chronos-kubernetes-scheduler/internal/scheduler/batch_scheduler.go:324.41,325.58 1 0
chronos-kubernetes-scheduler/internal/scheduler/batch_scheduler.go:325.58,328.5 2 0
chronos-kubernetes-scheduler/internal/scheduler/batch_scheduler.go:331.3,333.23 3 0
chronos-kubernetes-scheduler/internal/scheduler/batch_scheduler.go:333.23,335.4 1 0
chronos-kubernetes-scheduler/internal/scheduler/batch_scheduler.go:336.3,336.26 1 0
chronos-kubernetes-scheduler/internal/scheduler/batch_scheduler.go:336.26,338.4 1 0
chronos-kubernetes-scheduler/internal/scheduler/batch_scheduler.go:340.3,350.96 2 0
chronos-kubernetes-scheduler/internal/scheduler/batch_scheduler.go:352.2,352.19 1 0
chronos-kubernetes-scheduler/internal/scheduler/batch_scheduler.go:355.158,356.43 1 1
chronos-kubernetes-scheduler/internal/scheduler/batch_scheduler.go:356.43,358.3 1 1
chronos-kubernetes-scheduler/internal/scheduler/batch_scheduler.go:360.2,363.31 3 1
chronos-kubernetes-scheduler/internal/scheduler/batch_scheduler.go:363.31,371.39 5 1
chronos-kubernetes-scheduler/internal/scheduler/batch_scheduler.go:371.39,372.33 1 1
chronos-kubernetes-scheduler/internal/scheduler/batch_scheduler.go:372.33,375.13 3 0
chronos-kubernetes-scheduler/internal/scheduler/batch_scheduler.go:377.4,377.52 1 1
chronos-kubernetes-scheduler/internal/scheduler/batch_scheduler.go:377.52,378.13 1 0
chronos-kubernetes-scheduler/internal/scheduler/batch_scheduler.go:382.4,382.42 1 1
chronos-kubernetes-scheduler/internal/scheduler/batch_scheduler.go:382.42,387.13 4 1
chronos-kubernetes-scheduler/internal/scheduler/batch_scheduler.go:389.4,389.48 1 1
chronos-kubernetes-scheduler/internal/scheduler/batch_scheduler.go:389.48,394.13 4 0
chronos-kubernetes-scheduler/internal/scheduler/batch_scheduler.go:398.4,398.41 1 1
chronos-kubernetes-scheduler/internal/scheduler/batch_scheduler.go:398.41,400.13 2 0
chronos-kubernetes-scheduler/internal/scheduler/batch_scheduler.go:404.4,405.25 2 1
chronos-kubernetes-scheduler/internal/scheduler/batch_scheduler.go:405.25,408.5 2 1
chronos-kubernetes-scheduler/internal/scheduler/batch_scheduler.go:411.3,411.25 1 1
chronos-kubernetes-scheduler/internal/scheduler/batch_scheduler.go:411.25,412.40 1 1
chronos-kubernetes-scheduler/internal/scheduler/batch_scheduler.go:412.40,414.5 1 1
chronos-kubernetes-scheduler/internal/scheduler/batch_scheduler.go:415.4,423.56 7 1
chronos-kubernetes-scheduler/internal/scheduler/batch_scheduler.go:423.56,425.5 1 1
chronos-kubernetes-scheduler/internal/scheduler/batch_scheduler.go:427.4,428.106 1 1
chronos-kubernetes-scheduler/internal/scheduler/batch_scheduler.go:429.9,429.42 1 1
chronos-kubernetes-scheduler/internal/scheduler/batch_scheduler.go:429.42,432.4 1 1
chronos-kubernetes-scheduler/internal/scheduler/batch_scheduler.go:435.2,436.31 2 1
chronos-kubernetes-scheduler/internal/scheduler/batch_scheduler.go:436.31,437.34 1 1
chronos-kubernetes-scheduler/internal/scheduler/batch_scheduler.go:437.34,439.4 1 1
chronos-kubernetes-scheduler/internal/scheduler/batch_scheduler.go:441.2,441.36 1 1
chronos-kubernetes-scheduler/internal/scheduler/batch_scheduler.go:445.73,446.48 1 1
chronos-kubernetes-scheduler/internal/scheduler/batch_scheduler.go:446.48,449.3 2 1
chronos-kubernetes-scheduler/internal/scheduler/batch_scheduler.go:450.2,450.8 1 1
chronos-kubernetes-scheduler/internal/scheduler/batch_scheduler.go:455.77,457.39 1 1
chronos-kubernetes-scheduler/internal/scheduler/batch_scheduler.go:457.39,460.3 2 1
chronos-kubernetes-scheduler/internal/scheduler/batch_scheduler.go:462.2,463.16 2 0
chronos-kubernetes-scheduler/internal/scheduler/batch_scheduler.go:463.16,466.3 2 0
chronos-kubernetes-scheduler/internal/scheduler/batch_scheduler.go:468.2,469.27 2 0
chronos-kubernetes-scheduler/internal/scheduler/batch_scheduler.go:472.80,473.34 1 1
chronos-kubernetes-scheduler/internal/scheduler/batch_scheduler.go:473.34,475.3 1 1
chronos-kubernetes-scheduler/internal/scheduler/batch_scheduler.go:476.2,476.48 1 1
chronos-kubernetes-scheduler/internal/scheduler/batch_scheduler.go:476.48,478.37 2 1
chronos-kubernetes-scheduler/internal/scheduler/batch_scheduler.go:478.37,480.4 1 1
chronos-kubernetes-scheduler/internal/scheduler/batch_scheduler.go:482.2,482.13 1 1
chronos-kubernetes-scheduler/internal/scheduler/batch_scheduler.go:485.113,486.37 1 1
chronos-kubernetes-scheduler/internal/scheduler/batch_scheduler.go:486.37,487.70 1 1
chronos-kubernetes-scheduler/internal/scheduler/batch_scheduler.go:487.70,488.12 1 1
chronos-kubernetes-scheduler/internal/scheduler/batch_scheduler.go:490.3,491.36 2 1
chronos-kubernetes-scheduler/internal/scheduler/batch_scheduler.go:491.36,492.47 1 1
chronos-kubernetes-scheduler/internal/scheduler/batch_scheduler.go:492.47,494.10 2 0
chronos-kubernetes-scheduler/internal/scheduler/batch_scheduler.go:497.3,497.31 1 1
chronos-kubernetes-scheduler/internal/scheduler/batch_scheduler.go:497.31,501.4 2 1
chronos-kubernetes-scheduler/internal/scheduler/batch_scheduler.go:506.103,510.41 3 0
chronos-kubernetes-scheduler/internal/scheduler/batch_scheduler.go:510.41,511.39 1 0
chronos-kubernetes-scheduler/internal/scheduler/batch_scheduler.go:511.39,513.40 2 0
chronos-kubernetes-scheduler/internal/scheduler/batch_scheduler.go:513.40,521.19 4 0
chronos-kubernetes-scheduler/internal/scheduler/batch_scheduler.go:521.19,526.6 4 0
chronos-kubernetes-scheduler/internal/scheduler/batch_scheduler.go:528.5,532.19 3 0
chronos-kubernetes-scheduler/internal/scheduler/batch_scheduler.go:532.19,534.6 1 0
chronos-kubernetes-scheduler/internal/scheduler/batch_scheduler.go:535.5,535.21 1 0
chronos-kubernetes-scheduler/internal/scheduler/batch_scheduler.go:539.2,540.40 2 0
chronos-kubernetes-scheduler/internal/scheduler/batch_scheduler.go:544.66,548.16 2 0
chronos-kubernetes-scheduler/internal/scheduler/batch_scheduler.go:548.16,550.3 1 0
chronos-kubernetes-scheduler/internal/scheduler/batch_scheduler.go:552.2,552.29 1 0
chronos-kubernetes-scheduler/internal/scheduler/batch_scheduler.go:552.29,554.3 1 0
chronos-kubernetes-scheduler/internal/scheduler/batch_scheduler.go:555.2,558.22 3 0
chronos-kubernetes-scheduler/internal/scheduler/batch_scheduler.go:558.22,560.3 1 0
chronos-kubernetes-scheduler/internal/scheduler/batch_scheduler.go:561.2,561.12 1 0
chronos-kubernetes-scheduler/internal/scheduler/batch_scheduler.go:565.61,569.16 2 0
chronos-kubernetes-scheduler/internal/scheduler/batch_scheduler.go:569.16,572.3 2 0
chronos-kubernetes-scheduler/internal/scheduler/batch_scheduler.go:574.2,574.29 1 0
chronos-kubernetes-scheduler/internal/scheduler/batch_scheduler.go:574.29,576.3 1 0
chronos-kubernetes-scheduler/internal/scheduler/batch_scheduler.go:577.2,580.22 3 0
chronos-kubernetes-scheduler/internal/scheduler/batch_scheduler.go:580.22,582.3 1 0
chronos-kubernetes-scheduler/internal/scheduler/plugin.go:47.95,54.55 3 1
chronos-kubernetes-scheduler/internal/scheduler/plugin.go:54.55,59.3 4 0
chronos-kubernetes-scheduler/internal/scheduler/plugin.go:59.8,62.3 2 1
chronos-kubernetes-scheduler/internal/scheduler/plugin.go:64.2,64.21 1 1
chronos-kubernetes-scheduler/internal/scheduler/plugin.go:67.33,69.2 1 1
chronos-kubernetes-scheduler/internal/scheduler/plugin.go:71.130,75.9 3 1
chronos-kubernetes-scheduler/internal/scheduler/plugin.go:75.9,77.3 1 1
chronos-kubernetes-scheduler/internal/scheduler/plugin.go:79.2,79.24 1 1
chronos-kubernetes-scheduler/internal/scheduler/plugin.go:79.24,80.58 1 0
chronos-kubernetes-scheduler/internal/scheduler/plugin.go:80.58,83.4 2 0
chronos-kubernetes-scheduler/internal/scheduler/plugin.go:85.3,86.51 2 0
chronos-kubernetes-scheduler/internal/scheduler/plugin.go:90.2,91.16 2 1
chronos-kubernetes-scheduler/internal/scheduler/plugin.go:91.16,94.3 2 1
chronos-kubernetes-scheduler/internal/scheduler/plugin.go:95.2,98.16 3 1
chronos-kubernetes-scheduler/internal/scheduler/plugin.go:98.16,101.3 2 1
chronos-kubernetes-scheduler/internal/scheduler/plugin.go:103.2,109.54 4 1
chronos-kubernetes-scheduler/internal/scheduler/plugin.go:113.87,114.20 1 1
chronos-kubernetes-scheduler/internal/scheduler/plugin.go:114.20,116.3 1 1
chronos-kubernetes-scheduler/internal/scheduler/plugin.go:117.2,119.31 3 1
chronos-kubernetes-scheduler/internal/scheduler/plugin.go:119.31,121.78 2 1
chronos-kubernetes-scheduler/internal/scheduler/plugin.go:121.78,122.12 1 1
chronos-kubernetes-scheduler/internal/scheduler/plugin.go:124.3,125.14 2 1
chronos-kubernetes-scheduler/internal/scheduler/plugin.go:125.14,126.12 1 1
chronos-kubernetes-scheduler/internal/scheduler/plugin.go:129.3,133.17 3 1
chronos-kubernetes-scheduler/internal/scheduler/plugin.go:133.17,135.4 1 1
chronos-kubernetes-scheduler/internal/scheduler/plugin.go:135.9,135.48 1 1
chronos-kubernetes-scheduler/internal/scheduler/plugin.go:135.48,138.19 2 0
chronos-kubernetes-scheduler/internal/scheduler/plugin.go:138.19,139.13 1 0
chronos-kubernetes-scheduler/internal/scheduler/plugin.go:141.4,141.38 1 0
chronos-kubernetes-scheduler/internal/scheduler/plugin.go:142.9,143.12 1 1
chronos-kubernetes-scheduler/internal/scheduler/plugin.go:146.3,146.20 1 1
chronos-kubernetes-scheduler/internal/scheduler/plugin.go:146.20,147.12 1 0
chronos-kubernetes-scheduler/internal/scheduler/plugin.go:150.3,151.34 2 1
chronos-kubernetes-scheduler/internal/scheduler/plugin.go:151.34,153.4 1 1
chronos-kubernetes-scheduler/internal/scheduler/plugin.go:153.9,153.37 1 1
chronos-kubernetes-scheduler/internal/scheduler/plugin.go:153.37,155.4 1 0
chronos-kubernetes-scheduler/internal/scheduler/plugin.go:155.9,156.12 1 1
chronos-kubernetes-scheduler/internal/scheduler/plugin.go:158.3,159.27 2 1
chronos-kubernetes-scheduler/internal/scheduler/plugin.go:159.27,161.4 1 1
chronos-kubernetes-scheduler/internal/scheduler/plugin.go:162.3,162.42 1 1
chronos-kubernetes-scheduler/internal/scheduler/plugin.go:162.42,164.4 1 1
chronos-kubernetes-scheduler/internal/scheduler/plugin.go:166.2,166.25 1 1
chronos-kubernetes-scheduler/internal/scheduler/plugin.go:170.112,177.26 2 1
chronos-kubernetes-scheduler/internal/scheduler/plugin.go:177.26,178.41 1 1
chronos-kubernetes-scheduler/internal/scheduler/plugin.go:178.41,183.4 3 1
chronos-kubernetes-scheduler/internal/scheduler/plugin.go:185.3,188.15 4 1
chronos-kubernetes-scheduler/internal/scheduler/plugin.go:192.2,193.33 2 1
chronos-kubernetes-scheduler/internal/scheduler/plugin.go:196.63,198.2 1 1
chronos-kubernetes-scheduler/internal/scheduler/plugin.go:200.147,202.35 2 1
chronos-kubernetes-scheduler/internal/scheduler/plugin.go:202.35,203.33 1 1
chronos-kubernetes-scheduler/internal/scheduler/plugin.go:203.33,205.4 1 1
chronos-kubernetes-scheduler/internal/scheduler/plugin.go:206.3,206.33 1 1
chronos-kubernetes-scheduler/internal/scheduler/plugin.go:206.33,208.4 1 1
chronos-kubernetes-scheduler/internal/scheduler/plugin.go:210.2,210.26 1 1
chronos-kubernetes-scheduler/internal/scheduler/plugin.go:210.26,211.25 1 1
chronos-kubernetes-scheduler/internal/scheduler/plugin.go:211.25,213.4 1 1
chronos-kubernetes-scheduler/internal/scheduler/plugin.go:214.3,214.13 1 1
chronos-kubernetes-scheduler/internal/scheduler/plugin.go:216.2,216.35 1 1
chronos-kubernetes-scheduler/internal/scheduler/plugin.go:216.35,218.3 1 1
chronos-kubernetes-scheduler/internal/scheduler/plugin.go:219.2,219.12 1 1
